Unity Editor version:    2022.3.5f1 (9674261d40ee)
Branch:                  2022.3/release
Build type:              Release
Batch mode:              YES
macOS version:           Version 13.5.1 (Build 22G90)
Darwin version:          22.6.0
Architecture:            arm64
Running under Rosetta:   NO
Available memory:        16384 MB
Using pre-set license
Pro License: YES

COMMAND LINE ARGUMENTS:
/Applications/Unity/Hub/Editor/2022.3.5f1/Unity.app/Contents/MacOS/Unity
-adb2
-batchMode
-noUpm
-name
AssetImportWorker0
-projectPath
/Users/icaro/Documents/GitHub/NEW_AR_Instllation_ARtIFACTS/ARtIFACTS
-logFile
Logs/AssetImportWorker0.log
-srvPort
51546
Successfully changed project path to: /Users/icaro/Documents/GitHub/NEW_AR_Instllation_ARtIFACTS/ARtIFACTS
/Users/icaro/Documents/GitHub/NEW_AR_Instllation_ARtIFACTS/ARtIFACTS
[UnityMemory] Configuration Parameters - Can be set up in boot.config
    "memorysetup-bucket-allocator-granularity=16"
    "memorysetup-bucket-allocator-bucket-count=8"
    "memorysetup-bucket-allocator-block-size=33554432"
    "memorysetup-bucket-allocator-block-count=8"
    "memorysetup-main-allocator-block-size=16777216"
    "memorysetup-thread-allocator-block-size=16777216"
    "memorysetup-gfx-main-allocator-block-size=16777216"
    "memorysetup-gfx-thread-allocator-block-size=16777216"
    "memorysetup-cache-allocator-block-size=4194304"
    "memorysetup-typetree-allocator-block-size=2097152"
    "memorysetup-profiler-bucket-allocator-granularity=16"
    "memorysetup-profiler-bucket-allocator-bucket-count=8"
    "memorysetup-profiler-bucket-allocator-block-size=33554432"
    "memorysetup-profiler-bucket-allocator-block-count=8"
    "memorysetup-profiler-allocator-block-size=16777216"
    "memorysetup-profiler-editor-allocator-block-size=1048576"
    "memorysetup-temp-allocator-size-main=16777216"
    "memorysetup-job-temp-allocator-block-size=2097152"
    "memorysetup-job-temp-allocator-block-size-background=1048576"
    "memorysetup-job-temp-allocator-reduction-small-platforms=262144"
    "memorysetup-allocator-temp-initial-block-size-main=262144"
    "memorysetup-allocator-temp-initial-block-size-worker=262144"
    "memorysetup-temp-allocator-size-background-worker=32768"
    "memorysetup-temp-allocator-size-job-worker=262144"
    "memorysetup-temp-allocator-size-preload-manager=33554432"
    "memorysetup-temp-allocator-size-nav-mesh-worker=65536"
    "memorysetup-temp-allocator-size-audio-worker=65536"
    "memorysetup-temp-allocator-size-cloud-worker=32768"
    "memorysetup-temp-allocator-size-gi-baking-worker=262144"
    "memorysetup-temp-allocator-size-gfx=262144"
Player connection [8339824768] Host "[IP] 192.168.178.23 [Port] 0 [Flags] 2 [Guid] 3068490690 [EditorId] 3068490690 [Version] 1048832 [Id] OSXEditor(0,VortiffAir.fritz.box) [Debug] 1 [PackageName] OSXEditor [ProjectName] Editor" joined multi-casting on [225.0.0.222:54997]...

Player connection [8339824768] Host "[IP] 192.168.178.23 [Port] 0 [Flags] 2 [Guid] 3068490690 [EditorId] 3068490690 [Version] 1048832 [Id] OSXEditor(0,VortiffAir.fritz.box) [Debug] 1 [PackageName] OSXEditor [ProjectName] Editor" joined alternative multi-casting on [225.0.0.222:34997]...

Refreshing native plugins compatible for Editor in 11.73 ms, found 3 plugins.
Preloading 0 native plugins for Editor in 0.00 ms.
Initialize engine version: 2022.3.5f1 (9674261d40ee)
[Subsystems] Discovering subsystems at path /Applications/Unity/Hub/Editor/2022.3.5f1/Unity.app/Contents/Resources/UnitySubsystems
[Subsystems] Discovering subsystems at path /Users/icaro/Documents/GitHub/NEW_AR_Instllation_ARtIFACTS/ARtIFACTS/Assets
GfxDevice: creating device client; threaded=0; jobified=0
 preferred device: Apple M1 (high power)
Metal devices available: 1
0: Apple M1 (high power)
Using device Apple M1 (high power)
Initializing Metal device caps: Apple M1
Initialize mono
Mono path[0] = '/Applications/Unity/Hub/Editor/2022.3.5f1/Unity.app/Contents/Managed'
Mono path[1] = '/Applications/Unity/Hub/Editor/2022.3.5f1/Unity.app/Contents/MonoBleedingEdge/lib/mono/unityjit-macos'
Mono config path = '/Applications/Unity/Hub/Editor/2022.3.5f1/Unity.app/Contents/MonoBleedingEdge/etc'
Using monoOptions --debugger-agent=transport=dt_socket,embedding=1,server=y,suspend=n,address=127.0.0.1:56369
Begin MonoManager ReloadAssembly
Registering precompiled unity dll's ...
Register platform support module: /Applications/Unity/Hub/Editor/2022.3.5f1/PlaybackEngines/WebGLSupport/UnityEditor.WebGL.Extensions.dll
Register platform support module: /Applications/Unity/Hub/Editor/2022.3.5f1/Unity.app/Contents/PlaybackEngines/MacStandaloneSupport/UnityEditor.OSXStandalone.Extensions.dll
Register platform support module: /Applications/Unity/Hub/Editor/2022.3.5f1/PlaybackEngines/iOSSupport/UnityEditor.iOS.Extensions.dll
Registered in 0.001350 seconds.
- Loaded All Assemblies, in  0.237 seconds
[usbmuxd] Start listen thread
[usbmuxd] Listen thread started
[usbmuxd] Send listen message
Native extension for iOS target not found
Native extension for OSXStandalone target not found
Native extension for WebGL target not found
Mono: successfully reloaded assembly
- Finished resetting the current domain, in  0.189 seconds
Domain Reload Profiling: 425ms
	BeginReloadAssembly (79ms)
		ExecutionOrderSort (0ms)
		DisableScriptedObjects (0ms)
		BackupInstance (0ms)
		ReleaseScriptingObjects (0ms)
		CreateAndSetChildDomain (0ms)
	RebuildCommonClasses (25ms)
	RebuildNativeTypeToScriptingClass (8ms)
	initialDomainReloadingComplete (28ms)
	LoadAllAssembliesAndSetupDomain (96ms)
		LoadAssemblies (80ms)
		RebuildTransferFunctionScriptingTraits (0ms)
		AnalyzeDomain (94ms)
			TypeCache.Refresh (93ms)
				TypeCache.ScanAssembly (85ms)
			ScanForSourceGeneratedMonoScriptInfo (0ms)
			ResolveRequiredComponents (0ms)
	FinalizeReload (189ms)
		ReleaseScriptCaches (0ms)
		RebuildScriptCaches (0ms)
		SetupLoadedEditorAssemblies (153ms)
			LogAssemblyErrors (0ms)
			InitializePlatformSupportModulesInManaged (54ms)
			SetLoadedEditorAssemblies (3ms)
			RefreshPlugins (0ms)
			BeforeProcessingInitializeOnLoad (1ms)
			ProcessInitializeOnLoadAttributes (70ms)
			ProcessInitializeOnLoadMethodAttributes (26ms)
			AfterProcessingInitializeOnLoad (0ms)
			EditorAssembliesLoaded (0ms)
		ExecutionOrderSort2 (0ms)
		AwakeInstancesAfterBackupRestoration (0ms)
========================================================================
Worker process is ready to serve import requests
Begin MonoManager ReloadAssembly
Symbol file LoadedFromMemory doesn't match image /Users/icaro/Documents/GitHub/NEW_AR_Instllation_ARtIFACTS/ARtIFACTS/Library/PackageCache/com.unity.visualscripting@1.8.0/Editor/VisualScripting.Core/Dependencies/YamlDotNet/Unity.VisualScripting.YamlDotNet.dll
Symbol file LoadedFromMemory doesn't match image /Users/icaro/Documents/GitHub/NEW_AR_Instllation_ARtIFACTS/ARtIFACTS/Library/PackageCache/com.unity.visualscripting@1.8.0/Editor/VisualScripting.Core/Dependencies/DotNetZip/Unity.VisualScripting.IonicZip.dll
- Loaded All Assemblies, in  0.514 seconds
Refreshing native plugins compatible for Editor in 1.58 ms, found 3 plugins.
Native extension for iOS target not found
Native extension for OSXStandalone target not found
Native extension for WebGL target not found
Package Manager log level set to [2]
[Package Manager] Server::EnsureServerProcessIsRunning -- launch failed, reason: Unity was launched with the -noUpm command-line argument
[Package Manager] UpmClient::Send -- Unable to send message (not connected to UPM process).
[Package Manager] Cannot connect to Unity Package Manager local server
Mono: successfully reloaded assembly
[Package Manager] Server::EnsureServerProcessIsRunning -- launch failed, reason: Unity was launched with the -noUpm command-line argument
[Package Manager] UpmClient::Send -- Unable to send message (not connected to UPM process).
[Package Manager] Cannot connect to Unity Package Manager local server
[Package Manager] Server::EnsureServerProcessIsRunning -- launch failed, reason: Unity was launched with the -noUpm command-line argument
[Package Manager] UpmClient::Send -- Unable to send message (not connected to UPM process).
[Package Manager] Cannot connect to Unity Package Manager local server
- Finished resetting the current domain, in  0.736 seconds
Domain Reload Profiling: 1249ms
	BeginReloadAssembly (76ms)
		ExecutionOrderSort (0ms)
		DisableScriptedObjects (3ms)
		BackupInstance (0ms)
		ReleaseScriptingObjects (0ms)
		CreateAndSetChildDomain (18ms)
	RebuildCommonClasses (23ms)
	RebuildNativeTypeToScriptingClass (8ms)
	initialDomainReloadingComplete (22ms)
	LoadAllAssembliesAndSetupDomain (383ms)
		LoadAssemblies (193ms)
		RebuildTransferFunctionScriptingTraits (0ms)
		AnalyzeDomain (220ms)
			TypeCache.Refresh (199ms)
				TypeCache.ScanAssembly (191ms)
			ScanForSourceGeneratedMonoScriptInfo (13ms)
			ResolveRequiredComponents (8ms)
	FinalizeReload (736ms)
		ReleaseScriptCaches (0ms)
		RebuildScriptCaches (0ms)
		SetupLoadedEditorAssemblies (638ms)
			LogAssemblyErrors (0ms)
			InitializePlatformSupportModulesInManaged (355ms)
			SetLoadedEditorAssemblies (3ms)
			RefreshPlugins (0ms)
			BeforeProcessingInitializeOnLoad (42ms)
			ProcessInitializeOnLoadAttributes (191ms)
			ProcessInitializeOnLoadMethodAttributes (47ms)
			AfterProcessingInitializeOnLoad (1ms)
			EditorAssembliesLoaded (0ms)
		ExecutionOrderSort2 (0ms)
		AwakeInstancesAfterBackupRestoration (2ms)
Launching external process: /Applications/Unity/Hub/Editor/2022.3.5f1/Unity.app/Contents/Tools/UnityShaderCompiler
Launched and connected shader compiler UnityShaderCompiler after 0.05 seconds
Refreshing native plugins compatible for Editor in 1.53 ms, found 3 plugins.
Preloading 0 native plugins for Editor in 0.00 ms.
Unloading 5926 Unused Serialized files (Serialized files now loaded: 0)
Unloading 95 unused Assets / (2.4 MB). Loaded Objects now: 6370.
Memory consumption went from 234.4 MB to 232.0 MB.
Total: 3.773625 ms (FindLiveObjects: 0.220416 ms CreateObjectMapping: 0.076708 ms MarkObjects: 2.616042 ms  DeleteObjects: 0.859708 ms)

AssetImportParameters requested are different than current active one (requested -> active):
  custom:container-demuxer-ogg: 62fdf1f143b41e24485cea50d1cbac27 -> 
  custom:video-decoder-ogg-theora: a1e56fd34408186e4bbccfd4996cb3dc -> 
  custom:CustomObjectIndexerAttribute: a3ef5dd2817f97addfee359851a9dba5 -> 
  custom:container-demuxer-webm: 4f35f7cbe854078d1ac9338744f61a02 -> 
  custom:container-muxer-webm: aa71ff27fc2769a1b78a27578f13a17b -> 
  custom:video-decoder-webm-vp8: 9c59270c3fd7afecdb556c50c9e8de78 -> 
  custom:AudioImporter_EditorPlatform: 3918e3fc78b5a79bad01e8451be0beb8 -> 
  custom:framework-osx-AVFoundation: e770b220cccbd017edd2c1fefb359320 -> 
  custom:video-encoder-webm-vp8: eb34c28f22e8b96e1ab97ce403110664 -> 
  custom:audio-decoder-ogg-vorbis: bf7c407c2cedff20999df2af8eb42d56 -> 
  custom:audio-encoder-webm-vorbis: bf7c407c2cedff20999df2af8eb42d56 -> 
  custom:scripting/precompiled-assembly-types:Assembly-CSharp: 3441579cba1d512937044940a06b49da -> 9b08abce0c66b5d5145fbe4efc28e09d
  custom:scripting/monoscript/fileName/PrefabToPlace.cs:  -> d99acf12c2da6f3a187c0cda5a51c7a0
========================================================================
Received Prepare
Begin MonoManager ReloadAssembly
Thread 0x29c687000 may have been prematurely finalized
Symbol file LoadedFromMemory doesn't match image /Users/icaro/Documents/GitHub/NEW_AR_Instllation_ARtIFACTS/ARtIFACTS/Library/PackageCache/com.unity.visualscripting@1.8.0/Editor/VisualScripting.Core/Dependencies/YamlDotNet/Unity.VisualScripting.YamlDotNet.dll
Symbol file LoadedFromMemory doesn't match image /Users/icaro/Documents/GitHub/NEW_AR_Instllation_ARtIFACTS/ARtIFACTS/Library/PackageCache/com.unity.visualscripting@1.8.0/Editor/VisualScripting.Core/Dependencies/DotNetZip/Unity.VisualScripting.IonicZip.dll
- Loaded All Assemblies, in  0.447 seconds
Refreshing native plugins compatible for Editor in 1.55 ms, found 3 plugins.
Native extension for iOS target not found
Native extension for OSXStandalone target not found
Native extension for WebGL target not found
[Package Manager] Server::EnsureServerProcessIsRunning -- launch failed, reason: Unity was launched with the -noUpm command-line argument
[Package Manager] UpmClient::Send -- Unable to send message (not connected to UPM process).
[Package Manager] Cannot connect to Unity Package Manager local server
Mono: successfully reloaded assembly
[Package Manager] Server::EnsureServerProcessIsRunning -- launch failed, reason: Unity was launched with the -noUpm command-line argument
[Package Manager] UpmClient::Send -- Unable to send message (not connected to UPM process).
[Package Manager] Cannot connect to Unity Package Manager local server
- Finished resetting the current domain, in  0.477 seconds
Domain Reload Profiling: 924ms
	BeginReloadAssembly (93ms)
		ExecutionOrderSort (0ms)
		DisableScriptedObjects (2ms)
		BackupInstance (0ms)
		ReleaseScriptingObjects (0ms)
		CreateAndSetChildDomain (38ms)
	RebuildCommonClasses (24ms)
	RebuildNativeTypeToScriptingClass (8ms)
	initialDomainReloadingComplete (13ms)
	LoadAllAssembliesAndSetupDomain (309ms)
		LoadAssemblies (145ms)
		RebuildTransferFunctionScriptingTraits (0ms)
		AnalyzeDomain (192ms)
			TypeCache.Refresh (184ms)
				TypeCache.ScanAssembly (176ms)
			ScanForSourceGeneratedMonoScriptInfo (0ms)
			ResolveRequiredComponents (9ms)
	FinalizeReload (477ms)
		ReleaseScriptCaches (0ms)
		RebuildScriptCaches (0ms)
		SetupLoadedEditorAssemblies (266ms)
			LogAssemblyErrors (0ms)
			InitializePlatformSupportModulesInManaged (14ms)
			SetLoadedEditorAssemblies (2ms)
			RefreshPlugins (0ms)
			BeforeProcessingInitializeOnLoad (43ms)
			ProcessInitializeOnLoadAttributes (167ms)
			ProcessInitializeOnLoadMethodAttributes (40ms)
			AfterProcessingInitializeOnLoad (1ms)
			EditorAssembliesLoaded (0ms)
		ExecutionOrderSort2 (0ms)
		AwakeInstancesAfterBackupRestoration (8ms)
Refreshing native plugins compatible for Editor in 1.58 ms, found 3 plugins.
Preloading 0 native plugins for Editor in 0.00 ms.
Unloading 5775 Unused Serialized files (Serialized files now loaded: 0)
Unloading 63 unused Assets / (2.4 MB). Loaded Objects now: 6375.
Memory consumption went from 214.4 MB to 212.0 MB.
Total: 3.391667 ms (FindLiveObjects: 0.243250 ms CreateObjectMapping: 0.076041 ms MarkObjects: 2.364667 ms  DeleteObjects: 0.707000 ms)

Prepare: number of updated asset objects reloaded= 0
AssetImportParameters requested are different than current active one (requested -> active):
  custom:container-demuxer-ogg: 62fdf1f143b41e24485cea50d1cbac27 -> 
  custom:video-decoder-ogg-theora: a1e56fd34408186e4bbccfd4996cb3dc -> 
  custom:CustomObjectIndexerAttribute: a3ef5dd2817f97addfee359851a9dba5 -> 
  custom:container-demuxer-webm: 4f35f7cbe854078d1ac9338744f61a02 -> 
  custom:container-muxer-webm: aa71ff27fc2769a1b78a27578f13a17b -> 
  custom:video-decoder-webm-vp8: 9c59270c3fd7afecdb556c50c9e8de78 -> 
  custom:AudioImporter_EditorPlatform: 3918e3fc78b5a79bad01e8451be0beb8 -> 
  custom:framework-osx-AVFoundation: e770b220cccbd017edd2c1fefb359320 -> 
  custom:video-encoder-webm-vp8: eb34c28f22e8b96e1ab97ce403110664 -> 
  custom:audio-decoder-ogg-vorbis: bf7c407c2cedff20999df2af8eb42d56 -> 
  custom:audio-encoder-webm-vorbis: bf7c407c2cedff20999df2af8eb42d56 -> 
========================================================================
Received Import Request.
  Time since last request: 18525.020785 seconds.
  path: Assets/Script/PrefabToPlace.cs
  artifactKey: Guid(d4f2d3f09162345d0a58c71ed017b95d) Importer(815301076,1909f56bfc062723c751e8b465ee728b)
Start importing Assets/Script/PrefabToPlace.cs using Guid(d4f2d3f09162345d0a58c71ed017b95d) Importer(815301076,1909f56bfc062723c751e8b465ee728b)  -> (artifact id: '35da468e51b6b98b62c64acaea7da7aa') in 0.000898 seconds
Number of updated asset objects reloaded before import = 0
Number of asset objects unloaded after import = 0
========================================================================
Received Import Request.
  Time since last request: 2.276038 seconds.
  path: Assets/Script/ARPrefabPlacement.cs
  artifactKey: Guid(d4f2d3f09162345d0a58c71ed017b95d) Importer(815301076,1909f56bfc062723c751e8b465ee728b)
Start importing Assets/Script/ARPrefabPlacement.cs using Guid(d4f2d3f09162345d0a58c71ed017b95d) Importer(815301076,1909f56bfc062723c751e8b465ee728b)  -> (artifact id: '3e2c1659d5423c5044fb9c79876b730c') in 0.000394 seconds
Number of updated asset objects reloaded before import = 0
Number of asset objects unloaded after import = 0
========================================================================
Received Prepare
Begin MonoManager ReloadAssembly
Thread 0x2acf47000 may have been prematurely finalized
Symbol file LoadedFromMemory doesn't match image /Users/icaro/Documents/GitHub/NEW_AR_Instllation_ARtIFACTS/ARtIFACTS/Library/PackageCache/com.unity.visualscripting@1.8.0/Editor/VisualScripting.Core/Dependencies/YamlDotNet/Unity.VisualScripting.YamlDotNet.dll
Symbol file LoadedFromMemory doesn't match image /Users/icaro/Documents/GitHub/NEW_AR_Instllation_ARtIFACTS/ARtIFACTS/Library/PackageCache/com.unity.visualscripting@1.8.0/Editor/VisualScripting.Core/Dependencies/DotNetZip/Unity.VisualScripting.IonicZip.dll
- Loaded All Assemblies, in  0.444 seconds
Refreshing native plugins compatible for Editor in 1.55 ms, found 3 plugins.
Native extension for iOS target not found
Native extension for OSXStandalone target not found
Native extension for WebGL target not found
[Package Manager] Server::EnsureServerProcessIsRunning -- launch failed, reason: Unity was launched with the -noUpm command-line argument
[Package Manager] UpmClient::Send -- Unable to send message (not connected to UPM process).
[Package Manager] Cannot connect to Unity Package Manager local server
Mono: successfully reloaded assembly
[Package Manager] Server::EnsureServerProcessIsRunning -- launch failed, reason: Unity was launched with the -noUpm command-line argument
[Package Manager] UpmClient::Send -- Unable to send message (not connected to UPM process).
[Package Manager] Cannot connect to Unity Package Manager local server
- Finished resetting the current domain, in  0.462 seconds
Domain Reload Profiling: 906ms
	BeginReloadAssembly (88ms)
		ExecutionOrderSort (0ms)
		DisableScriptedObjects (2ms)
		BackupInstance (0ms)
		ReleaseScriptingObjects (0ms)
		CreateAndSetChildDomain (35ms)
	RebuildCommonClasses (23ms)
	RebuildNativeTypeToScriptingClass (8ms)
	initialDomainReloadingComplete (13ms)
	LoadAllAssembliesAndSetupDomain (311ms)
		LoadAssemblies (149ms)
		RebuildTransferFunctionScriptingTraits (0ms)
		AnalyzeDomain (190ms)
			TypeCache.Refresh (178ms)
				TypeCache.ScanAssembly (172ms)
			ScanForSourceGeneratedMonoScriptInfo (4ms)
			ResolveRequiredComponents (8ms)
	FinalizeReload (462ms)
		ReleaseScriptCaches (0ms)
		RebuildScriptCaches (0ms)
		SetupLoadedEditorAssemblies (261ms)
			LogAssemblyErrors (0ms)
			InitializePlatformSupportModulesInManaged (14ms)
			SetLoadedEditorAssemblies (2ms)
			RefreshPlugins (0ms)
			BeforeProcessingInitializeOnLoad (43ms)
			ProcessInitializeOnLoadAttributes (162ms)
			ProcessInitializeOnLoadMethodAttributes (39ms)
			AfterProcessingInitializeOnLoad (1ms)
			EditorAssembliesLoaded (0ms)
		ExecutionOrderSort2 (0ms)
		AwakeInstancesAfterBackupRestoration (7ms)
Refreshing native plugins compatible for Editor in 1.58 ms, found 3 plugins.
Preloading 0 native plugins for Editor in 0.00 ms.
Unloading 5775 Unused Serialized files (Serialized files now loaded: 0)
Unloading 63 unused Assets / (2.3 MB). Loaded Objects now: 6380.
Memory consumption went from 219.2 MB to 216.9 MB.
Total: 4.195083 ms (FindLiveObjects: 0.261333 ms CreateObjectMapping: 0.076208 ms MarkObjects: 2.938959 ms  DeleteObjects: 0.918084 ms)

Prepare: number of updated asset objects reloaded= 0
AssetImportParameters requested are different than current active one (requested -> active):
  custom:container-demuxer-ogg: 62fdf1f143b41e24485cea50d1cbac27 -> 
  custom:video-decoder-ogg-theora: a1e56fd34408186e4bbccfd4996cb3dc -> 
  custom:CustomObjectIndexerAttribute: a3ef5dd2817f97addfee359851a9dba5 -> 
  custom:container-demuxer-webm: 4f35f7cbe854078d1ac9338744f61a02 -> 
  custom:container-muxer-webm: aa71ff27fc2769a1b78a27578f13a17b -> 
  custom:video-decoder-webm-vp8: 9c59270c3fd7afecdb556c50c9e8de78 -> 
  custom:AudioImporter_EditorPlatform: 3918e3fc78b5a79bad01e8451be0beb8 -> 
  custom:framework-osx-AVFoundation: e770b220cccbd017edd2c1fefb359320 -> 
  custom:video-encoder-webm-vp8: eb34c28f22e8b96e1ab97ce403110664 -> 
  custom:audio-decoder-ogg-vorbis: bf7c407c2cedff20999df2af8eb42d56 -> 
  custom:audio-encoder-webm-vorbis: bf7c407c2cedff20999df2af8eb42d56 -> 
========================================================================
Received Import Request.
  Time since last request: 5.357081 seconds.
  path: Assets/Script/ARPrefabPlacement.cs
  artifactKey: Guid(d4f2d3f09162345d0a58c71ed017b95d) Importer(815301076,1909f56bfc062723c751e8b465ee728b)
Start importing Assets/Script/ARPrefabPlacement.cs using Guid(d4f2d3f09162345d0a58c71ed017b95d) Importer(815301076,1909f56bfc062723c751e8b465ee728b)  -> (artifact id: '7dcff299a4b46121027dee4c63a7ca91') in 0.000981 seconds
Number of updated asset objects reloaded before import = 0
Number of asset objects unloaded after import = 0
========================================================================
Received Import Request.
  Time since last request: 15.519057 seconds.
  path: Assets/Script/ARPrefabPlacement.cs
  artifactKey: Guid(d4f2d3f09162345d0a58c71ed017b95d) Importer(815301076,1909f56bfc062723c751e8b465ee728b)
Start importing Assets/Script/ARPrefabPlacement.cs using Guid(d4f2d3f09162345d0a58c71ed017b95d) Importer(815301076,1909f56bfc062723c751e8b465ee728b)  -> (artifact id: '0bafaf195083f21311dc179c7fc68403') in 0.002612 seconds
Number of updated asset objects reloaded before import = 0
Number of asset objects unloaded after import = 0
========================================================================
Received Import Request.
  Time since last request: 48.002367 seconds.
  path: Assets/Script/ARPrefabPlacement.cs
  artifactKey: Guid(d4f2d3f09162345d0a58c71ed017b95d) Importer(815301076,1909f56bfc062723c751e8b465ee728b)
Start importing Assets/Script/ARPrefabPlacement.cs using Guid(d4f2d3f09162345d0a58c71ed017b95d) Importer(815301076,1909f56bfc062723c751e8b465ee728b)  -> (artifact id: '0fb6e96d74707fdb6f95cc8d11ac36d7') in 0.005672 seconds
Number of updated asset objects reloaded before import = 0
Number of asset objects unloaded after import = 0
========================================================================
Received Prepare
Refreshing native plugins compatible for Editor in 5.94 ms, found 3 plugins.
Preloading 0 native plugins for Editor in 0.00 ms.
Unloading 21 Unused Serialized files (Serialized files now loaded: 0)
Unloading 21 unused Assets / (2.4 MB). Loaded Objects now: 6380.
Memory consumption went from 121.7 MB to 119.3 MB.
Total: 9.612542 ms (FindLiveObjects: 0.266833 ms CreateObjectMapping: 0.083792 ms MarkObjects: 8.395625 ms  DeleteObjects: 0.865458 ms)


=================================================================
	Native Crash Reporting
=================================================================
Got a segv while executing native code. This usually indicates
a fatal error in the mono runtime or one of the native libraries 
used by your application.
=================================================================

=================================================================
	Native stacktrace:
=================================================================
	0x136f473d4 - /Applications/Unity/Hub/Editor/2022.3.5f1/Unity.app/Contents/Frameworks/MonoBleedingEdge/MonoEmbedRuntime/osx/libmonobdwgc-2.0.dylib : mono_dump_native_crash_info
	0x136f09954 - /Applications/Unity/Hub/Editor/2022.3.5f1/Unity.app/Contents/Frameworks/MonoBleedingEdge/MonoEmbedRuntime/osx/libmonobdwgc-2.0.dylib : mono_handle_native_crash
	0x136e9207c - /Applications/Unity/Hub/Editor/2022.3.5f1/Unity.app/Contents/Frameworks/MonoBleedingEdge/MonoEmbedRuntime/osx/libmonobdwgc-2.0.dylib : mono_sigsegv_signal_handler_debug
	0x196126a24 - /usr/lib/system/libsystem_platform.dylib : _sigtramp
	0x104dfb858 - /Applications/Unity/Hub/Editor/2022.3.5f1/Unity.app/Contents/MacOS/Unity : _ZNK4core8hash_setINS_4pairIKNS_12basic_stringIcNS_20StringStorageDefaultIcEEEEN8keywords12LocalKeywordELb1EEENS_9hash_pairINS_4hashIS5_EES6_S8_EENS_10equal_pairINSt3__18equal_toIS5_EES6_S8_EEE6lookupIS5_SI_EEPNSJ_4nodeERKT_RKT0_
	0x104df5790 - /Applications/Unity/Hub/Editor/2022.3.5f1/Unity.app/Contents/MacOS/Unity : _ZN8keywords12KeywordRemap4InitERKNS_10LocalSpaceES3_
	0x104dfecc8 - /Applications/Unity/Hub/Editor/2022.3.5f1/Unity.app/Contents/MacOS/Unity : _ZN9ShaderLab9IntShader15ResolveFallbackERKNS_16SerializedShaderEP6ShaderR13dynamic_arrayI4PPtrIS4_ELm0EEb
	0x104d3c8a8 - /Applications/Unity/Hub/Editor/2022.3.5f1/Unity.app/Contents/MacOS/Unity : _ZN9ShaderLab9IntShader36CreateFromSerializedShaderMainThreadEPS0_RKNS_16SerializedShaderER13dynamic_arrayI4PPtrI6ShaderELm0EEbPS7_
	0x104d40954 - /Applications/Unity/Hub/Editor/2022.3.5f1/Unity.app/Contents/MacOS/Unity : _Z36ShaderFromSerializedShaderMainThreadPN9ShaderLab9IntShaderEPKNS_16SerializedShaderER13dynamic_arrayI4PPtrI6ShaderELm0EEbPS7_
	0x1067ea440 - /Applications/Unity/Hub/Editor/2022.3.5f1/Unity.app/Contents/MacOS/Unity : _ZN6Shader20CreateFromParsedFormEv
	0x1067ea70c - /Applications/Unity/Hub/Editor/2022.3.5f1/Unity.app/Contents/MacOS/Unity : _ZN6Shader13AwakeFromLoadE17AwakeFromLoadMode
	0x105140630 - /Applications/Unity/Hub/Editor/2022.3.5f1/Unity.app/Contents/MacOS/Unity : _ZN18AwakeFromLoadQueue28InvokePersistentManagerAwakeEPNS_4ItemEj17AwakeFromLoadModeb
	0x10514033c - /Applications/Unity/Hub/Editor/2022.3.5f1/Unity.app/Contents/MacOS/Unity : _ZN18AwakeFromLoadQueue41PersistentManagerSingleQueueAwakeFromLoadEi17AwakeFromLoadMode
	0x105140078 - /Applications/Unity/Hub/Editor/2022.3.5f1/Unity.app/Contents/MacOS/Unity : _ZN18AwakeFromLoadQueue39PersistentManagerAwakeFromLoad_NoChecksE17AwakeFromLoadMode
	0x105115410 - /Applications/Unity/Hub/Editor/2022.3.5f1/Unity.app/Contents/MacOS/Unity : _ZN17PersistentManager27IntegrateAllThreadedObjectsEv
	0x10511623c - /Applications/Unity/Hub/Editor/2022.3.5f1/Unity.app/Contents/MacOS/Unity : _ZN17PersistentManager38LoadAndIntegrateAllPreallocatedObjectsENS_9LockFlagsE
	0x105117e1c - /Applications/Unity/Hub/Editor/2022.3.5f1/Unity.app/Contents/MacOS/Unity : _ZN17PersistentManager11LoadObjectsEPKiib
	0x10645bf14 - /Applications/Unity/Hub/Editor/2022.3.5f1/Unity.app/Contents/MacOS/Unity : _Z15ReloadInstancesRK13dynamic_arrayIiLm0EERKN4core8hash_mapIi17ScriptingGCHandleNS3_4hashIiEENSt3__18equal_toIiEEEE
	0x10645dea8 - /Applications/Unity/Hub/Editor/2022.3.5f1/Unity.app/Contents/MacOS/Unity : _Z19ReloadAssetIfLoadedRK9UnityGUID
	0x106422374 - /Applications/Unity/Hub/Editor/2022.3.5f1/Unity.app/Contents/MacOS/Unity : ___ZZN23AssetImportWorkerClient13HandleMessageERK14PrepareMessageENK3$_4clEv_block_invoke
	0x195f48400 - /usr/lib/system/libdispatch.dylib : _dispatch_client_callout
	0x195f57a54 - /usr/lib/system/libdispatch.dylib : _dispatch_async_and_wait_invoke
	0x195f48400 - /usr/lib/system/libdispatch.dylib : _dispatch_client_callout
	0x195f56bf8 - /usr/lib/system/libdispatch.dylib : _dispatch_main_queue_drain
	0x195f56848 - /usr/lib/system/libdispatch.dylib : _dispatch_main_queue_callback_4CF
	0x196217c54 - /System/Library/Frameworks/CoreFoundation.framework/Versions/A/CoreFoundation : __CFRUNLOOP_IS_SERVICING_THE_MAIN_DISPATCH_QUEUE__
	0x1961d53d4 - /System/Library/Frameworks/CoreFoundation.framework/Versions/A/CoreFoundation : __CFRunLoopRun
	0x1961d44b8 - /System/Library/Frameworks/CoreFoundation.framework/Versions/A/CoreFoundation : CFRunLoopRunSpecific
	0x19fa26df0 - /System/Library/Frameworks/Carbon.framework/Versions/A/Frameworks/HIToolbox.framework/Versions/A/HIToolbox : RunCurrentEventLoopInMode
	0x19fa26c2c - /System/Library/Frameworks/Carbon.framework/Versions/A/Frameworks/HIToolbox.framework/Versions/A/HIToolbox : ReceiveNextEventCommon
	0x19fa26984 - /System/Library/Frameworks/Carbon.framework/Versions/A/Frameworks/HIToolbox.framework/Versions/A/HIToolbox : _BlockUntilNextEventMatchingListInModeWithFilter
	0x1993fb97c - /System/Library/Frameworks/AppKit.framework/Versions/C/AppKit : _DPSNextEvent
	0x1993fab18 - /System/Library/Frameworks/AppKit.framework/Versions/C/AppKit : -[NSApplication(NSEvent) _nextEventMatchingEventMask:untilDate:inMode:dequeue:]
	0x1993eef7c - /System/Library/Frameworks/AppKit.framework/Versions/C/AppKit : -[NSApplication run]
	0x1993c63cc - /System/Library/Frameworks/AppKit.framework/Versions/C/AppKit : NSApplicationMain
	0x106e85a34 - /Applications/Unity/Hub/Editor/2022.3.5f1/Unity.app/Contents/MacOS/Unity : _Z10EditorMainiPPKc
	0x106e85d80 - /Applications/Unity/Hub/Editor/2022.3.5f1/Unity.app/Contents/MacOS/Unity : main
	0x195d9ff28 - /usr/lib/dyld : start

=================================================================
	Telemetry Dumper:
=================================================================
Pkilling 0x6402813952x from 0x8339824768x
Pkilling 0x6378303488x from 0x8339824768x
Pkilling 0x11169984512x from 0x8339824768x
Pkilling 0x6404960256x from 0x8339824768x
Entering thread summarizer pause from 0x8339824768x
Finished thread summarizer pause from 0x8339824768x.
Failed to create breadcrumb file (null)/crash_hash_0x0
debugger-agent: Unable to listen on 39

Waiting for dumping threads to resume

=================================================================
	External Debugger Dump:
=================================================================

=================================================================
	Basic Fault Address Reporting
=================================================================
Memory around native instruction pointer (0x104dfb86c):0x104dfb85c  88 0a 40 b9 0b 01 00 0a 8a 02 40 f9 40 01 0b 8b  ..@.......@.@...
0x104dfb86c  0c 00 40 b9 9f 01 09 6b 21 04 00 54 6f 82 40 39  ..@....k!..To.@9
0x104dfb87c  6d 62 80 39 10 03 80 52 0d 02 0d cb 6e 0a 40 f9  mb.9...R....n.@.
0x104dfb88c  ff 05 00 71 ad 01 8e 9a 0e a0 40 39 11 80 80 39  ...q......@9...9

=================================================================
	Managed Stacktrace:
=================================================================
=================================================================
Obtained 34 stack frames.
#0  0x00000104dfb86c in core::hash_set<core::pair<core::basic_string<char, core::StringStorageDefault<char>> const, keywords::LocalKeyword, true>, core::hash_pair<core::hash<core::basic_string<char, core::StringStorageDefault<char>>>, core::basic_string<char, core::StringStorageDefault<char>> const, keywords::LocalKeyword>, core::equal_pair<std::__1::equal_to<core::basic_string<char, core::StringStorageDefault<char>>>, core::basic_string<char, core::StringStorageDefault<char>> const, keywords::LocalKeyword>>::node* core::hash_set<core::pair<core::basic_string<char, core::StringStorageDefault<char>> const, keywords::LocalKeyword, true>, core::hash_pair<core::hash<core::basic_string<char, core::StringStorageDefault<char>>>, core::basic_string<char, core::StringStorageDefault<char>> const, keywords::LocalKeyword>, core::equal_pair<std::__1::equal_to<core::basic_string<char, core::StringStorageDefault<char>>>, core::basic_string<char, core::StringStorageDefault<char>> const, keywords::LocalKeyword>>::lookup<core::basic_string<char, core::StringStorageDefault<char>>, core::equal_pair<std::__1::equal_to<core::basic_string<char, core::StringStorageDefault<char>>>, core::basic_string<char, core::StringStorageDefault<char>> const, keywords::LocalKeyword>>(core::basic_string<char, core::StringStorageDefault<char>> const&, core::equal_pair<std::__1::equal_to<core::basic_string<char, core::StringStorageDefault<char>>>, core::basic_string<char, core::StringStorageDefault<char>> const, keywords::LocalKeyword> const&) const
#1  0x00000104df5790 in keywords::KeywordRemap::Init(keywords::LocalSpace const&, keywords::LocalSpace const&)
#2  0x00000104dfecc8 in ShaderLab::IntShader::ResolveFallback(ShaderLab::SerializedShader const&, Shader*, dynamic_array<PPtr<Shader>, 0ul>&, bool)
#3  0x00000104d3c8a8 in ShaderLab::IntShader::CreateFromSerializedShaderMainThread(ShaderLab::IntShader*, ShaderLab::SerializedShader const&, dynamic_array<PPtr<Shader>, 0ul>&, bool, Shader*)
#4  0x00000104d40954 in ShaderFromSerializedShaderMainThread(ShaderLab::IntShader*, ShaderLab::SerializedShader const*, dynamic_array<PPtr<Shader>, 0ul>&, bool, Shader*)
#5  0x000001067ea440 in Shader::CreateFromParsedForm()
#6  0x000001067ea70c in Shader::AwakeFromLoad(AwakeFromLoadMode)
#7  0x00000105140630 in AwakeFromLoadQueue::InvokePersistentManagerAwake(AwakeFromLoadQueue::Item*, unsigned int, AwakeFromLoadMode, bool)
#8  0x0000010514033c in AwakeFromLoadQueue::PersistentManagerSingleQueueAwakeFromLoad(int, AwakeFromLoadMode)
#9  0x00000105140078 in AwakeFromLoadQueue::PersistentManagerAwakeFromLoad_NoChecks(AwakeFromLoadMode)
#10 0x00000105115410 in PersistentManager::IntegrateAllThreadedObjects()
#11 0x0000010511623c in PersistentManager::LoadAndIntegrateAllPreallocatedObjects(PersistentManager::LockFlags)
#12 0x00000105117e1c in PersistentManager::LoadObjects(int const*, int, bool)
#13 0x0000010645bf14 in ReloadInstances(dynamic_array<int, 0ul> const&, core::hash_map<int, ScriptingGCHandle, core::hash<int>, std::__1::equal_to<int>> const&)
#14 0x0000010645dea8 in ReloadAssetIfLoaded(UnityGUID const&)
#15 0x00000106422374 in invocation function for block in AssetImportWorkerClient::HandleMessage(PrepareMessage const&)::$_4::operator()() const
#16 0x00000195f48400 in _dispatch_client_callout
#17 0xa372800195f57a54 in _dispatch_async_and_wait_invoke
#18 0x231800195f48400 in _dispatch_client_callout
#19 0x683d800195f56bf8 in _dispatch_main_queue_drain
#20 0x5e50800195f56848 in _dispatch_main_queue_callback_4CF
#21 0x5b02000196217c54 in __CFRUNLOOP_IS_SERVICING_THE_MAIN_DISPATCH_QUEUE__
#22 0x77118001961d53d4 in __CFRunLoopRun
#23 0xb048001961d44b8 in CFRunLoopRunSpecific
#24 0x633c00019fa26df0 in RunCurrentEventLoopInMode
#25 0xe24a00019fa26c2c in ReceiveNextEventCommon
#26 0xb34a80019fa26984 in _BlockUntilNextEventMatchingListInModeWithFilter
#27 0xd26e8001993fb97c in _DPSNextEvent
#28 0xcf5a8001993fab18 in -[NSApplication(NSEvent) _nextEventMatchingEventMask:untilDate:inMode:dequeue:]
#29 0x557e8001993eef7c in -[NSApplication run]
#30 0x418001993c63cc in NSApplicationMain
#31 0xe43c800106e85a34 in EditorMain(int, char const**)
#32 0x00000106e85d80 in main
#33 0x00000195d9ff28 in start
